2026-03-10 18:15:37,107 - INFO - Read the data successfully...
2026-03-10 18:15:37,107 - INFO - (150, 6)
2026-03-10 18:15:37,107 - INFO -    Id  SepalLengthCm  SepalWidthCm  PetalLengthCm  PetalWidthCm      Species
0   1            5.1           3.5            1.4           0.2  Iris-setosa
1   2            4.9           3.0            1.4           0.2  Iris-setosa
2   3            4.7           3.2            1.3           0.2  Iris-setosa
3   4            4.6           3.1            1.5           0.2  Iris-setosa
4   5            5.0           3.6            1.4           0.2  Iris-setosa
2026-03-10 18:15:37,110 - INFO - Starting handling outliers....
2026-03-10 18:15:37,110 - ERROR - Error while handling outliers 'Series' object has no attribute 'quntail'
2026-03-10 18:17:08,288 - INFO - Read the data successfully...
2026-03-10 18:17:08,288 - INFO - (150, 6)
2026-03-10 18:17:08,288 - INFO -    Id  SepalLengthCm  SepalWidthCm  PetalLengthCm  PetalWidthCm      Species
0   1            5.1           3.5            1.4           0.2  Iris-setosa
1   2            4.9           3.0            1.4           0.2  Iris-setosa
2   3            4.7           3.2            1.3           0.2  Iris-setosa
3   4            4.6           3.1            1.5           0.2  Iris-setosa
4   5            5.0           3.6            1.4           0.2  Iris-setosa
2026-03-10 18:17:08,290 - INFO - Starting handling outliers....
2026-03-10 18:17:08,290 - ERROR - Error while handling outliers 'Series' object has no attribute 'quntile'
2026-03-10 18:17:42,396 - INFO - Read the data successfully...
2026-03-10 18:17:42,396 - INFO - (150, 6)
2026-03-10 18:17:42,397 - INFO -    Id  SepalLengthCm  SepalWidthCm  PetalLengthCm  PetalWidthCm      Species
0   1            5.1           3.5            1.4           0.2  Iris-setosa
1   2            4.9           3.0            1.4           0.2  Iris-setosa
2   3            4.7           3.2            1.3           0.2  Iris-setosa
3   4            4.6           3.1            1.5           0.2  Iris-setosa
4   5            5.0           3.6            1.4           0.2  Iris-setosa
2026-03-10 18:17:42,398 - INFO - Starting handling outliers....
2026-03-10 18:17:42,399 - INFO - Handled outliers successfully....
2026-03-10 18:19:27,446 - INFO - Read the data successfully...
2026-03-10 18:19:27,446 - INFO - (150, 6)
2026-03-10 18:19:27,446 - INFO -    Id  SepalLengthCm  SepalWidthCm  PetalLengthCm  PetalWidthCm      Species
0   1            5.1           3.5            1.4           0.2  Iris-setosa
1   2            4.9           3.0            1.4           0.2  Iris-setosa
2   3            4.7           3.2            1.3           0.2  Iris-setosa
3   4            4.6           3.1            1.5           0.2  Iris-setosa
4   5            5.0           3.6            1.4           0.2  Iris-setosa
2026-03-10 18:19:27,448 - INFO - Starting handling outliers....
2026-03-10 18:19:27,448 - INFO - Handled outliers successfully....
2026-03-10 18:19:27,449 - INFO - 0      3.5
1      3.0
2      3.2
3      3.1
4      3.6
      ... 
145    3.0
146    2.5
147    3.0
148    3.4
149    3.0
Name: SepalWidthCm, Length: 150, dtype: float64
2026-03-10 18:38:24,331 - INFO - Read the data successfully...
2026-03-10 18:38:24,331 - INFO - (150, 6)
2026-03-10 18:38:24,331 - INFO -    Id  SepalLengthCm  SepalWidthCm  PetalLengthCm  PetalWidthCm      Species
0   1            5.1           3.5            1.4           0.2  Iris-setosa
1   2            4.9           3.0            1.4           0.2  Iris-setosa
2   3            4.7           3.2            1.3           0.2  Iris-setosa
3   4            4.6           3.1            1.5           0.2  Iris-setosa
4   5            5.0           3.6            1.4           0.2  Iris-setosa
2026-03-10 18:38:24,333 - INFO - Starting handling outliers....
2026-03-10 18:38:24,333 - INFO - Handled outliers successfully....
2026-03-10 18:38:24,333 - INFO - 0      3.5
1      3.0
2      3.2
3      3.1
4      3.6
      ... 
145    3.0
146    2.5
147    3.0
148    3.4
149    3.0
Name: SepalWidthCm, Length: 150, dtype: float64
2026-03-10 18:38:24,334 - ERROR - Error while splitting data (['SepalLengthCm'], ['SepalWidthCm'], ['PetalLengthCm'], ['PetalWidthCm'])
2026-03-10 18:39:20,600 - INFO - Read the data successfully...
2026-03-10 18:39:20,601 - INFO - (150, 6)
2026-03-10 18:39:20,601 - INFO -    Id  SepalLengthCm  SepalWidthCm  PetalLengthCm  PetalWidthCm      Species
0   1            5.1           3.5            1.4           0.2  Iris-setosa
1   2            4.9           3.0            1.4           0.2  Iris-setosa
2   3            4.7           3.2            1.3           0.2  Iris-setosa
3   4            4.6           3.1            1.5           0.2  Iris-setosa
4   5            5.0           3.6            1.4           0.2  Iris-setosa
2026-03-10 18:39:20,602 - INFO - Starting handling outliers....
2026-03-10 18:39:20,603 - INFO - Handled outliers successfully....
2026-03-10 18:39:20,603 - INFO - 0      3.5
1      3.0
2      3.2
3      3.1
4      3.6
      ... 
145    3.0
146    2.5
147    3.0
148    3.4
149    3.0
Name: SepalWidthCm, Length: 150, dtype: float64
2026-03-10 18:39:20,605 - INFO - Data splitted successfully....
2026-03-10 18:39:20,606 - INFO - Files saved successfully for model training....
